I, [2014-05-14T18:50:17.988246 #29454]  INFO -- Kitchen: -----> Starting Kitchen (v1.2.1)
E, [2014-05-14T18:50:17.988813 #29454] ERROR -- Kitchen: ------Exception-------
E, [2014-05-14T18:50:17.988886 #29454] ERROR -- Kitchen: Class: Kitchen::UserError
E, [2014-05-14T18:50:17.988965 #29454] ERROR -- Kitchen: Message: Kitchen YAML file /Users/bao/chef/chef-repo/site-cookbooks/ooyala-legacy-bind/templates/default/.kitchen.yml does not exist.
E, [2014-05-14T18:50:17.989017 #29454] ERROR -- Kitchen: ------Backtrace-------
E, [2014-05-14T18:50:17.989049 #29454] ERROR -- Kitchen: /Users/bao/.rvm/gems/ruby-1.9.3-p545/gems/test-kitchen-1.2.1/lib/kitchen/loader/yaml.rb:74:in `read'
E, [2014-05-14T18:50:17.989079 #29454] ERROR -- Kitchen: /Users/bao/.rvm/gems/ruby-1.9.3-p545/gems/test-kitchen-1.2.1/lib/kitchen/config.rb:78:in `data'
E, [2014-05-14T18:50:17.989109 #29454] ERROR -- Kitchen: /Users/bao/.rvm/gems/ruby-1.9.3-p545/gems/test-kitchen-1.2.1/lib/kitchen/config.rb:66:in `suites'
E, [2014-05-14T18:50:17.989138 #29454] ERROR -- Kitchen: /Users/bao/.rvm/gems/ruby-1.9.3-p545/gems/test-kitchen-1.2.1/lib/kitchen/config.rb:90:in `filter_instances'
E, [2014-05-14T18:50:17.989166 #29454] ERROR -- Kitchen: /Users/bao/.rvm/gems/ruby-1.9.3-p545/gems/test-kitchen-1.2.1/lib/kitchen/config.rb:72:in `build_instances'
E, [2014-05-14T18:50:17.989195 #29454] ERROR -- Kitchen: /Users/bao/.rvm/gems/ruby-1.9.3-p545/gems/test-kitchen-1.2.1/lib/kitchen/config.rb:52:in `instances'
E, [2014-05-14T18:50:17.989223 #29454] ERROR -- Kitchen: /Users/bao/.rvm/gems/ruby-1.9.3-p545/gems/test-kitchen-1.2.1/lib/kitchen/command.rb:64:in `get_filtered_instances'
E, [2014-05-14T18:50:17.989251 #29454] ERROR -- Kitchen: /Users/bao/.rvm/gems/ruby-1.9.3-p545/gems/test-kitchen-1.2.1/lib/kitchen/command.rb:85:in `parse_subcommand'
E, [2014-05-14T18:50:17.989280 #29454] ERROR -- Kitchen: /Users/bao/.rvm/gems/ruby-1.9.3-p545/gems/test-kitchen-1.2.1/lib/kitchen/command/action.rb:37:in `block in call'
E, [2014-05-14T18:50:17.989308 #29454] ERROR -- Kitchen: /Users/bao/.rvm/rubies/ruby-1.9.3-p545/lib/ruby/1.9.1/benchmark.rb:280:in `measure'
E, [2014-05-14T18:50:17.989344 #29454] ERROR -- Kitchen: /Users/bao/.rvm/gems/ruby-1.9.3-p545/gems/test-kitchen-1.2.1/lib/kitchen/command/action.rb:36:in `call'
E, [2014-05-14T18:50:17.989370 #29454] ERROR -- Kitchen: /Users/bao/.rvm/gems/ruby-1.9.3-p545/gems/test-kitchen-1.2.1/lib/kitchen/cli.rb:47:in `perform'
E, [2014-05-14T18:50:17.989396 #29454] ERROR -- Kitchen: /Users/bao/.rvm/gems/ruby-1.9.3-p545/gems/test-kitchen-1.2.1/lib/kitchen/cli.rb:118:in `block (2 levels) in <class:CLI>'
E, [2014-05-14T18:50:17.989422 #29454] ERROR -- Kitchen: /Users/bao/.rvm/gems/ruby-1.9.3-p545/gems/thor-0.19.1/lib/thor/command.rb:27:in `run'
E, [2014-05-14T18:50:17.989447 #29454] ERROR -- Kitchen: /Users/bao/.rvm/gems/ruby-1.9.3-p545/gems/thor-0.19.1/lib/thor/invocation.rb:126:in `invoke_command'
E, [2014-05-14T18:50:17.989473 #29454] ERROR -- Kitchen: /Users/bao/.rvm/gems/ruby-1.9.3-p545/gems/test-kitchen-1.2.1/lib/kitchen/cli.rb:233:in `invoke_task'
E, [2014-05-14T18:50:17.989497 #29454] ERROR -- Kitchen: /Users/bao/.rvm/gems/ruby-1.9.3-p545/gems/thor-0.19.1/lib/thor.rb:359:in `dispatch'
E, [2014-05-14T18:50:17.989523 #29454] ERROR -- Kitchen: /Users/bao/.rvm/gems/ruby-1.9.3-p545/gems/thor-0.19.1/lib/thor/base.rb:440:in `start'
E, [2014-05-14T18:50:17.989548 #29454] ERROR -- Kitchen: /Users/bao/.rvm/gems/ruby-1.9.3-p545/gems/test-kitchen-1.2.1/bin/kitchen:13:in `block in <top (required)>'
E, [2014-05-14T18:50:17.989573 #29454] ERROR -- Kitchen: /Users/bao/.rvm/gems/ruby-1.9.3-p545/gems/test-kitchen-1.2.1/lib/kitchen/errors.rb:81:in `with_friendly_errors'
E, [2014-05-14T18:50:17.989599 #29454] ERROR -- Kitchen: /Users/bao/.rvm/gems/ruby-1.9.3-p545/gems/test-kitchen-1.2.1/bin/kitchen:13:in `<top (required)>'
E, [2014-05-14T18:50:17.989624 #29454] ERROR -- Kitchen: /Users/bao/.rvm/gems/ruby-1.9.3-p545/bin/kitchen:23:in `load'
E, [2014-05-14T18:50:17.989648 #29454] ERROR -- Kitchen: /Users/bao/.rvm/gems/ruby-1.9.3-p545/bin/kitchen:23:in `<main>'
E, [2014-05-14T18:50:17.989673 #29454] ERROR -- Kitchen: /Users/bao/.rvm/gems/ruby-1.9.3-p545/bin/ruby_executable_hooks:15:in `eval'
E, [2014-05-14T18:50:17.989712 #29454] ERROR -- Kitchen: /Users/bao/.rvm/gems/ruby-1.9.3-p545/bin/ruby_executable_hooks:15:in `<main>'
E, [2014-05-14T18:50:17.989740 #29454] ERROR -- Kitchen: ----------------------
I, [2014-05-14T18:54:13.850300 #29822]  INFO -- Kitchen: -----> Starting Kitchen (v1.2.1)
E, [2014-05-14T18:54:13.850665 #29822] ERROR -- Kitchen: ------Exception-------
E, [2014-05-14T18:54:13.850713 #29822] ERROR -- Kitchen: Class: Kitchen::UserError
E, [2014-05-14T18:54:13.850764 #29822] ERROR -- Kitchen: Message: Kitchen YAML file /Users/bao/chef/chef-repo/site-cookbooks/ooyala-legacy-bind/templates/default/.kitchen.yml does not exist.
E, [2014-05-14T18:54:13.850816 #29822] ERROR -- Kitchen: ------Backtrace-------
E, [2014-05-14T18:54:13.850865 #29822] ERROR -- Kitchen: /Users/bao/.rvm/gems/ruby-1.9.3-p545/gems/test-kitchen-1.2.1/lib/kitchen/loader/yaml.rb:74:in `read'
E, [2014-05-14T18:54:13.850916 #29822] ERROR -- Kitchen: /Users/bao/.rvm/gems/ruby-1.9.3-p545/gems/test-kitchen-1.2.1/lib/kitchen/config.rb:78:in `data'
E, [2014-05-14T18:54:13.850952 #29822] ERROR -- Kitchen: /Users/bao/.rvm/gems/ruby-1.9.3-p545/gems/test-kitchen-1.2.1/lib/kitchen/config.rb:66:in `suites'
E, [2014-05-14T18:54:13.850981 #29822] ERROR -- Kitchen: /Users/bao/.rvm/gems/ruby-1.9.3-p545/gems/test-kitchen-1.2.1/lib/kitchen/config.rb:90:in `filter_instances'
E, [2014-05-14T18:54:13.851024 #29822] ERROR -- Kitchen: /Users/bao/.rvm/gems/ruby-1.9.3-p545/gems/test-kitchen-1.2.1/lib/kitchen/config.rb:72:in `build_instances'
E, [2014-05-14T18:54:13.851072 #29822] ERROR -- Kitchen: /Users/bao/.rvm/gems/ruby-1.9.3-p545/gems/test-kitchen-1.2.1/lib/kitchen/config.rb:52:in `instances'
E, [2014-05-14T18:54:13.851118 #29822] ERROR -- Kitchen: /Users/bao/.rvm/gems/ruby-1.9.3-p545/gems/test-kitchen-1.2.1/lib/kitchen/command.rb:64:in `get_filtered_instances'
E, [2014-05-14T18:54:13.851166 #29822] ERROR -- Kitchen: /Users/bao/.rvm/gems/ruby-1.9.3-p545/gems/test-kitchen-1.2.1/lib/kitchen/command.rb:85:in `parse_subcommand'
E, [2014-05-14T18:54:13.857945 #29822] ERROR -- Kitchen: /Users/bao/.rvm/gems/ruby-1.9.3-p545/gems/test-kitchen-1.2.1/lib/kitchen/command/action.rb:37:in `block in call'
E, [2014-05-14T18:54:13.858051 #29822] ERROR -- Kitchen: /Users/bao/.rvm/rubies/ruby-1.9.3-p545/lib/ruby/1.9.1/benchmark.rb:280:in `measure'
E, [2014-05-14T18:54:13.858081 #29822] ERROR -- Kitchen: /Users/bao/.rvm/gems/ruby-1.9.3-p545/gems/test-kitchen-1.2.1/lib/kitchen/command/action.rb:36:in `call'
E, [2014-05-14T18:54:13.858108 #29822] ERROR -- Kitchen: /Users/bao/.rvm/gems/ruby-1.9.3-p545/gems/test-kitchen-1.2.1/lib/kitchen/cli.rb:47:in `perform'
E, [2014-05-14T18:54:13.858134 #29822] ERROR -- Kitchen: /Users/bao/.rvm/gems/ruby-1.9.3-p545/gems/test-kitchen-1.2.1/lib/kitchen/cli.rb:118:in `block (2 levels) in <class:CLI>'
E, [2014-05-14T18:54:13.858159 #29822] ERROR -- Kitchen: /Users/bao/.rvm/gems/ruby-1.9.3-p545/gems/thor-0.19.1/lib/thor/command.rb:27:in `run'
E, [2014-05-14T18:54:13.858184 #29822] ERROR -- Kitchen: /Users/bao/.rvm/gems/ruby-1.9.3-p545/gems/thor-0.19.1/lib/thor/invocation.rb:126:in `invoke_command'
E, [2014-05-14T18:54:13.858210 #29822] ERROR -- Kitchen: /Users/bao/.rvm/gems/ruby-1.9.3-p545/gems/test-kitchen-1.2.1/lib/kitchen/cli.rb:233:in `invoke_task'
E, [2014-05-14T18:54:13.858235 #29822] ERROR -- Kitchen: /Users/bao/.rvm/gems/ruby-1.9.3-p545/gems/thor-0.19.1/lib/thor.rb:359:in `dispatch'
E, [2014-05-14T18:54:13.858260 #29822] ERROR -- Kitchen: /Users/bao/.rvm/gems/ruby-1.9.3-p545/gems/thor-0.19.1/lib/thor/base.rb:440:in `start'
E, [2014-05-14T18:54:13.858285 #29822] ERROR -- Kitchen: /Users/bao/.rvm/gems/ruby-1.9.3-p545/gems/test-kitchen-1.2.1/bin/kitchen:13:in `block in <top (required)>'
E, [2014-05-14T18:54:13.858311 #29822] ERROR -- Kitchen: /Users/bao/.rvm/gems/ruby-1.9.3-p545/gems/test-kitchen-1.2.1/lib/kitchen/errors.rb:81:in `with_friendly_errors'
E, [2014-05-14T18:54:13.858336 #29822] ERROR -- Kitchen: /Users/bao/.rvm/gems/ruby-1.9.3-p545/gems/test-kitchen-1.2.1/bin/kitchen:13:in `<top (required)>'
E, [2014-05-14T18:54:13.858387 #29822] ERROR -- Kitchen: /Users/bao/.rvm/gems/ruby-1.9.3-p545/bin/kitchen:23:in `load'
E, [2014-05-14T18:54:13.858414 #29822] ERROR -- Kitchen: /Users/bao/.rvm/gems/ruby-1.9.3-p545/bin/kitchen:23:in `<main>'
E, [2014-05-14T18:54:13.858440 #29822] ERROR -- Kitchen: /Users/bao/.rvm/gems/ruby-1.9.3-p545/bin/ruby_executable_hooks:15:in `eval'
E, [2014-05-14T18:54:13.858465 #29822] ERROR -- Kitchen: /Users/bao/.rvm/gems/ruby-1.9.3-p545/bin/ruby_executable_hooks:15:in `<main>'
E, [2014-05-14T18:54:13.858489 #29822] ERROR -- Kitchen: ----------------------
